<?xml version="1.0" encoding="UTF-8"?>
<testng-results ignored="0" total="5" passed="5" failed="0" skipped="0">
  <reporter-output>
  </reporter-output>
  <suite started-at="2024-07-06T16:09:28 IST" name="lib" finished-at="2024-07-06T16:09:33 IST" duration-ms="5618">
    <groups>
    </groups>
    <test started-at="2024-07-06T16:09:28 IST" name="Test1" finished-at="2024-07-06T16:09:33 IST" duration-ms="5618">
      <class name="lib.test14">
        <test-method signature="h1()[pri:1, instance:lib.test14@14fc5f04]" started-at="2024-07-06T16:09:33 IST" name="h1" finished-at="2024-07-06T16:09:33 IST" duration-ms="2" status="PASS">
          <reporter-output>
          </reporter-output>
        </test-method> <!-- h1 -->
      </class> <!-- lib.test14 -->
      <class name="lib.test12">
        <test-method is-config="true" signature="init()[pri:0, instance:lib.test12@5e7cd6cc]" started-at="2024-07-06T16:09:27 IST" name="init" finished-at="2024-07-06T16:09:28 IST" duration-ms="717" status="PASS">
          <reporter-output>
          </reporter-output>
        </test-method> <!-- init -->
        <test-method signature="h()[pri:1, instance:lib.test12@5e7cd6cc]" started-at="2024-07-06T16:09:28 IST" name="h" finished-at="2024-07-06T16:09:28 IST" duration-ms="9" status="PASS">
          <reporter-output>
          </reporter-output>
        </test-method> <!-- h -->
        <test-method signature="g()[pri:2, instance:lib.test12@5e7cd6cc]" started-at="2024-07-06T16:09:28 IST" name="g" finished-at="2024-07-06T16:09:28 IST" duration-ms="2" status="PASS">
          <reporter-output>
          </reporter-output>
        </test-method> <!-- g -->
        <test-method signature="i()[pri:3, instance:lib.test12@5e7cd6cc]" started-at="2024-07-06T16:09:28 IST" name="i" finished-at="2024-07-06T16:09:28 IST" duration-ms="1" status="PASS">
          <reporter-output>
          </reporter-output>
        </test-method> <!-- i -->
        <test-method signature="f()[pri:4, instance:lib.test12@5e7cd6cc]" started-at="2024-07-06T16:09:28 IST" name="f" finished-at="2024-07-06T16:09:33 IST" duration-ms="5564" status="PASS">
          <reporter-output>
          </reporter-output>
        </test-method> <!-- f -->
        <test-method is-config="true" signature="end()[pri:0, instance:lib.test12@5e7cd6cc]" started-at="2024-07-06T16:09:33 IST" name="end" finished-at="2024-07-06T16:09:34 IST" duration-ms="193" status="PASS">
          <reporter-output>
          </reporter-output>
        </test-method> <!-- end -->
      </class> <!-- lib.test12 -->
    </test> <!-- Test1 -->
  </suite> <!-- lib -->
</testng-results>
