<?xml version="1.0" encoding="UTF-8"?>
<!-- Generated by org.testng.reporters.JUnitXMLReporter -->
<testsuite ignored="0" hostname="DESKTOP-2TFF9MP" failures="0" tests="4" name="Default test" time="5.504" errors="0" timestamp="2024-07-06T15:16:10 IST">
  <testcase classname="lib.test12" name="h" time="0.006"/>
  <testcase classname="lib.test12" name="g" time="0.001"/>
  <testcase classname="lib.test12" name="i" time="0.001"/>
  <testcase classname="lib.test12" name="f" time="3.863"/>
</testsuite> <!-- Default test -->
