<?xml version="1.0" encoding="UTF-8"?>
<!-- Generated by org.testng.reporters.JUnitXMLReporter -->
<testsuite ignored="0" hostname="DESKTOP-2TFF9MP" failures="0" tests="5" name="Test1" time="3.444" errors="0" timestamp="2024-07-13T13:52:17 IST">
  <testcase classname="lib.test12" name="h" time="0.008"/>
  <testcase classname="lib.test12" name="g" time="0.001"/>
  <testcase classname="lib.test12" name="i" time="0.001"/>
  <testcase classname="lib.test12" name="f" time="3.397"/>
  <testcase classname="lib.test14" name="h1" time="0.001"/>
</testsuite> <!-- Test1 -->
