<?xml version="1.0" encoding="UTF-8"?>
<!-- Generated by org.testng.reporters.JUnitXMLReporter -->
<testsuite ignored="0" hostname="DESKTOP-2TFF9MP" failures="1" tests="5" name="Test1" time="3.353" errors="0" timestamp="2024-07-06T15:17:57 IST">
  <testcase classname="lib.test14" name="h1" time="0.004">
    <failure type="java.lang.NullPointerException" message="Cannot invoke &amp;quot;com.aventstack.extentreports.ExtentTest.pass(String)&amp;quot; because &amp;quot;this.test&amp;quot; is null">
      <![CDATA[java.lang.NullPointerException: Cannot invoke "com.aventstack.extentreports.ExtentTest.pass(String)" because "this.test" is null
at lib.commonfunctions.LogPass(commonfunctions.java:30)
at lib.test14.h1(test14.java:13)
at java.base/java.util.ArrayList.forEach(ArrayList.java:1511)
... Removed 27 stack frames]]>
    </failure>
  </testcase> <!-- h1 -->
  <testcase classname="lib.test12" name="h" time="0.005"/>
  <testcase classname="lib.test12" name="g" time="0.001"/>
  <testcase classname="lib.test12" name="i" time="0.001"/>
  <testcase classname="lib.test12" name="f" time="3.304"/>
</testsuite> <!-- Test1 -->
